Warning: ignoring unsupported tag `ALLOW_UNICODE_NAMES    =' at line 79, file /home/travis/build/ithron/VolViz/Doxyfile
Warning: ignoring unsupported tag `MAN_SUBDIR             =' at line 1782, file /home/travis/build/ithron/VolViz/Doxyfile
/home/travis/build/ithron/VolViz/Source/GL/Shaders.cpp:11: warning: include file Shaders/null.vert not found, perhaps you forgot to add its directory to INCLUDE_PATH?
/home/travis/build/ithron/VolViz/Source/GL/Shaders.cpp:14: warning: include file Shaders/quad.geom not found, perhaps you forgot to add its directory to INCLUDE_PATH?
/home/travis/build/ithron/VolViz/Source/GL/Shaders.cpp:17: warning: include file Shaders/simpleTexture.frag not found, perhaps you forgot to add its directory to INCLUDE_PATH?
/home/travis/build/ithron/VolViz/Source/GL/Shaders.cpp:20: warning: include file Shaders/hdrTexture.frag not found, perhaps you forgot to add its directory to INCLUDE_PATH?
/home/travis/build/ithron/VolViz/Source/GL/Shaders.cpp:23: warning: include file Shaders/simple.vert not found, perhaps you forgot to add its directory to INCLUDE_PATH?
/home/travis/build/ithron/VolViz/Source/GL/Shaders.cpp:26: warning: include file Shaders/passThrough.frag not found, perhaps you forgot to add its directory to INCLUDE_PATH?
/home/travis/build/ithron/VolViz/Source/GL/Shaders.cpp:30: warning: include file Shaders/grid.geom not found, perhaps you forgot to add its directory to INCLUDE_PATH?
/home/travis/build/ithron/VolViz/Source/GL/Shaders.cpp:34: warning: include file Shaders/deferred.vert not found, perhaps you forgot to add its directory to INCLUDE_PATH?
/home/travis/build/ithron/VolViz/Source/GL/Shaders.cpp:38: warning: include file Shaders/deferredPassThrough.frag not found, perhaps you forgot to add its directory to INCLUDE_PATH?
/home/travis/build/ithron/VolViz/Source/GL/Shaders.cpp:42: warning: include file Shaders/normalVisualization.frag not found, perhaps you forgot to add its directory to INCLUDE_PATH?
/home/travis/build/ithron/VolViz/Source/GL/Shaders.cpp:46: warning: include file Shaders/depthVisualization.frag not found, perhaps you forgot to add its directory to INCLUDE_PATH?
/home/travis/build/ithron/VolViz/Source/GL/Shaders.cpp:50: warning: include file Shaders/ambientPass.frag not found, perhaps you forgot to add its directory to INCLUDE_PATH?
/home/travis/build/ithron/VolViz/Source/GL/Shaders.cpp:54: warning: include file Shaders/diffuseLighting.frag not found, perhaps you forgot to add its directory to INCLUDE_PATH?
/home/travis/build/ithron/VolViz/Source/GL/Shaders.cpp:58: warning: include file Shaders/specularLighting.frag not found, perhaps you forgot to add its directory to INCLUDE_PATH?
/home/travis/build/ithron/VolViz/Source/GL/Shaders.cpp:62: warning: include file Shaders/specularVisualization.frag not found, perhaps you forgot to add its directory to INCLUDE_PATH?
/home/travis/build/ithron/VolViz/Source/GL/Shaders.cpp:66: warning: include file Shaders/plane.geom not found, perhaps you forgot to add its directory to INCLUDE_PATH?
/home/travis/build/ithron/VolViz/Source/GL/Shaders.cpp:70: warning: include file Shaders/coloredQuad.frag not found, perhaps you forgot to add its directory to INCLUDE_PATH?
/home/travis/build/ithron/VolViz/Source/GL/Shaders.cpp:74: warning: include file Shaders/bbox.geom not found, perhaps you forgot to add its directory to INCLUDE_PATH?
/home/travis/build/ithron/VolViz/Source/GL/Shaders.cpp:78: warning: include file Shaders/selection.frag not found, perhaps you forgot to add its directory to INCLUDE_PATH?
/home/travis/build/ithron/VolViz/Source/GL/Shaders.cpp:82: warning: include file Shaders/selectionIndexVisualization.frag not found, perhaps you forgot to add its directory to INCLUDE_PATH?
/home/travis/build/ithron/VolViz/Source/GL/Shaders.cpp:86: warning: include file Shaders/point.vert not found, perhaps you forgot to add its directory to INCLUDE_PATH?
Searching for include files...
Searching for example files...
Searching for images...
Searching for dot files...
Searching for msc files...
Searching for dia files...
Searching for files to exclude
Searching for files to process...
Searching for files in directory /home/travis/build/ithron/VolViz/Source
Searching for files in directory /home/travis/build/ithron/VolViz/Source/GL
Searching for files in directory /home/travis/build/ithron/VolViz/Source/Shaders
Searching for files in directory /home/travis/build/ithron/VolViz/include
Searching for files in directory /home/travis/build/ithron/VolViz/include/VolViz
Searching for files in directory /home/travis/build/ithron/VolViz/include/VolViz/src
Reading and parsing tag files
Parsing files
Reading /home/travis/build/ithron/VolViz/README.md...
Preprocessing /home/travis/build/ithron/VolViz/Source/AxisAlignedPlane.cpp...
Parsing file /home/travis/build/ithron/VolViz/Source/AxisAlignedPlane.cpp...
Preprocessing /home/travis/build/ithron/VolViz/Source/AxisAlignedPlane.h...
Parsing file /home/travis/build/ithron/VolViz/Source/AxisAlignedPlane.h...
Preprocessing /home/travis/build/ithron/VolViz/Source/Camera.cpp...
Parsing file /home/travis/build/ithron/VolViz/Source/Camera.cpp...
Preprocessing /home/travis/build/ithron/VolViz/Source/Geometry.cpp...
Parsing file /home/travis/build/ithron/VolViz/Source/Geometry.cpp...
Preprocessing /home/travis/build/ithron/VolViz/Source/Geometry.h...
Parsing file /home/travis/build/ithron/VolViz/Source/Geometry.h...
Preprocessing /home/travis/build/ithron/VolViz/Source/GeometryDescriptor.cpp...
Parsing file /home/travis/build/ithron/VolViz/Source/GeometryDescriptor.cpp...
Preprocessing /home/travis/build/ithron/VolViz/Source/GeometryFactory.cpp...
Parsing file /home/travis/build/ithron/VolViz/Source/GeometryFactory.cpp...
Preprocessing /home/travis/build/ithron/VolViz/Source/GeometryFactory.h...
Parsing file /home/travis/build/ithron/VolViz/Source/GeometryFactory.h...
Preprocessing /home/travis/build/ithron/VolViz/Source/GL/Binding.h...
Parsing file /home/travis/build/ithron/VolViz/Source/GL/Binding.h...
Preprocessing /home/travis/build/ithron/VolViz/Source/GL/Buffer.h...
Parsing file /home/travis/build/ithron/VolViz/Source/GL/Buffer.h...
Preprocessing /home/travis/build/ithron/VolViz/Source/GL/Error.h...
Parsing file /home/travis/build/ithron/VolViz/Source/GL/Error.h...
Preprocessing /home/travis/build/ithron/VolViz/Source/GL/Framebuffer.h...
Parsing file /home/travis/build/ithron/VolViz/Source/GL/Framebuffer.h...
Preprocessing /home/travis/build/ithron/VolViz/Source/GL/Geometry.h...
Parsing file /home/travis/build/ithron/VolViz/Source/GL/Geometry.h...
Preprocessing /home/travis/build/ithron/VolViz/Source/GL/GL.h...
Parsing file /home/travis/build/ithron/VolViz/Source/GL/GL.h...
Preprocessing /home/travis/build/ithron/VolViz/Source/GL/GLdefs.h...
Parsing file /home/travis/build/ithron/VolViz/Source/GL/GLdefs.h...
Preprocessing /home/travis/build/ithron/VolViz/Source/GL/GLFW.cpp...
Parsing file /home/travis/build/ithron/VolViz/Source/GL/GLFW.cpp...
Preprocessing /home/travis/build/ithron/VolViz/Source/GL/GLFW.h...
Parsing file /home/travis/build/ithron/VolViz/Source/GL/GLFW.h...
Preprocessing /home/travis/build/ithron/VolViz/Source/GL/ShaderProgram.cpp...
Parsing file /home/travis/build/ithron/VolViz/Source/GL/ShaderProgram.cpp...
Preprocessing /home/travis/build/ithron/VolViz/Source/GL/ShaderProgram.h...
Parsing file /home/travis/build/ithron/VolViz/Source/GL/ShaderProgram.h...
Preprocessing /home/travis/build/ithron/VolViz/Source/GL/Shaders.cpp...
Parsing file /home/travis/build/ithron/VolViz/Source/GL/Shaders.cpp...
Preprocessing /home/travis/build/ithron/VolViz/Source/GL/Shaders.h...
Parsing file /home/travis/build/ithron/VolViz/Source/GL/Shaders.h...
Preprocessing /home/travis/build/ithron/VolViz/Source/GL/Textures.h...
Parsing file /home/travis/build/ithron/VolViz/Source/GL/Textures.h...
Preprocessing /home/travis/build/ithron/VolViz/Source/GL/VertexArray.h...
Parsing file /home/travis/build/ithron/VolViz/Source/GL/VertexArray.h...
Preproces/home/travis/build/ithron/VolViz/Source/VisualizerImpl.cpp:357: warning: no matching class member found for 
  template void VolViz::Private_::VisualizerImpl::setVolume(const VolViz::VolumeDescriptor &, gsl::span< float >)
Possible candidates:
  'template < T >
  void VolViz::Private_::VisualizerImpl::setVolume(VolumeDescriptor const &descriptor, gsl::span< T > data)
  'template <>
  void VolViz::Private_::VisualizerImpl::setVolume(VolumeDescriptor const &descriptor, gsl::span< float const  > data)
  'template <>
  void VolViz::Private_::VisualizerImpl::setVolume(VolumeDescriptor const &descriptor, gsl::span< Color const  > data)

/home/travis/build/ithron/VolViz/Source/VisualizerImpl.cpp:359: warning: no matching class member found for 
  template void VolViz::Private_::VisualizerImpl::setVolume(const VolViz::VolumeDescriptor &, gsl::span< Eigen::Vector3f >)
Possible candidates:
  'template < T >
  void VolViz::Private_::VisualizerImpl::setVolume(VolumeDescriptor const &descriptor, gsl::span< T > data)
  'template <>
  void VolViz::Private_::VisualizerImpl::setVolume(VolumeDescriptor const &descriptor, gsl::span< float const  > data)
  'template <>
  void VolViz::Private_::VisualizerImpl::setVolume(VolumeDescriptor const &descriptor, gsl::span< Color const  > data)

sing /home/travis/build/ithron/VolViz/Source/GL/Workarounds.cpp...
Parsing file /home/travis/build/ithron/VolViz/Source/GL/Workarounds.cpp...
Preprocessing /home/travis/build/ithron/VolViz/Source/Mesh.cpp...
Parsing file /home/travis/build/ithron/VolViz/Source/Mesh.cpp...
Preprocessing /home/travis/build/ithron/VolViz/Source/Mesh.h...
Parsing file /home/travis/build/ithron/VolViz/Source/Mesh.h...
Preprocessing /home/travis/build/ithron/VolViz/Source/Shaders.cpp...
Parsing file /home/travis/build/ithron/VolViz/Source/Shaders.cpp...
Preprocessing /home/travis/build/ithron/VolViz/Source/Shaders.h...
Parsing file /home/travis/build/ithron/VolViz/Source/Shaders.h...
Preprocessing /home/travis/build/ithron/VolViz/Source/Visualizer.cpp...
Parsing file /home/travis/build/ithron/VolViz/Source/Visualizer.cpp...
Preprocessing /home/travis/build/ithron/VolViz/Source/VisualizerImpl.cpp...
Parsing file /home/travis/build/ithron/VolViz/Source/VisualizerImpl.cpp...
Preprocessing /home/travis/build/ithron/VolViz/Source/VisualizerImpl.h...
Parsing file /home/travis/build/ithron/VolViz/Source/VisualizerImpl.h...
Preprocessing /home/travis/build/ithron/VolViz/include/VolViz/src/AtomicCache.h...
Parsing file /home/travis/build/ithron/VolViz/include/VolViz/src/AtomicCache.h...
Preprocessing /home/travis/build/ithron/VolViz/include/VolViz/src/AtomicWrapper.h...
Parsing file /home/travis/build/ithron/VolViz/include/VolViz/src/AtomicWrapper.h...
Preprocessing /home/travis/build/ithron/VolViz/include/VolViz/src/Camera.h...
Parsing file /home/travis/build/ithron/VolViz/include/VolViz/src/Camera.h...
Preprocessing /home/travis/build/ithron/VolViz/include/VolViz/src/GeometryDescriptor.h...
Parsing file /home/travis/build/ithron/VolViz/include/VolViz/src/GeometryDescriptor.h...
Preprocessing /home/travis/build/ithron/VolViz/include/VolViz/src/Light.h...
Parsing file /home/travis/build/ithron/VolViz/include/VolViz/src/Light.h...
Preprocessing /home/travis/build/ithron/VolViz/include/VolViz/src/Types.h...
Parsing file /home/travis/build/ithron/VolViz/include/VolViz/src/Types.h...
Preprocessing /home/travis/build/ithron/VolViz/include/VolViz/src/Visualizer.h...
Parsing file /home/travis/build/ithron/VolViz/include/VolViz/src/Visualizer.h...
Preprocessing /home/travis/build/ithron/VolViz/include/VolViz/src/Volume.h...
Parsing file /home/travis/build/ithron/VolViz/include/VolViz/src/Volume.h...
Preprocessing /home/travis/build/ithron/VolViz/include/VolViz/VolViz.h...
Parsing file /home/travis/build/ithron/VolViz/include/VolViz/VolViz.h...
Building group list...
Building directory list...
Building namespace list...
Building file list...
Building class list...
Associating documentation with classes...
Computing nesting relations for classes...
Building example list...
Searching for enumerations...
Searching for documented typedefs...
Searching for members imported via using declarations...
Searching for included using directives...
Searching for documented variables...
Building interface member list...
Building member list...
Searching for friends...
Searching for documented defines...
Computing class inheritance relations...
Computing class usage relations...
Flushing cached template relations that have become invalid...
Creating members for template instances...
Computing class relations...
Add enum values to enums...
Searching for member function documentation...
Building page list...
Search for main page...
Computing page relations...
Determining the scope of groups...
Sorting lists...
Freeing entry tree
Determining which enums are documented
Computing member relations...
Building full member lists recursively...
Adding members to member groups.
Computing member references...
Inheriting documentation...
Generating disk names...
Adding source references...
Adding xrefitems...
Sorting member lists...
Computing dependencies between directories...
Generating citations page...
Counting data structures...
Resolving user defined references...
Finding anchors and sections in the documentation...
Transferring function references...
Combining using relations...
Adding members to index pages...
Generating style sheet...
Generating search indices...
Generating example documentation...
Generating file sources...
Generating code for file /home/travis/build/ithron/VolViz/include/VolViz/src/AtomicCache.h...
Generating code for file /home/travis/build/ithron/VolViz/include/VolViz/src/AtomicWrapper.h...
Generating code for file /home/travis/build/ithron/VolViz/include/VolViz/src/Camera.h...
Generating code for file /home/travis/build/ithron/VolViz/include/VolViz/src/GeometryDescriptor.h...
Generating code for file /home/travis/build/ithron/VolViz/include/VolViz/src/Light.h...
Generating code for file /home/travis/build/ithron/VolViz/include/VolViz/src/Types.h...
Generating code for file /home/travis/build/ithron/VolViz/include/VolViz/src/Visualizer.h...
Generating code for file /home/travis/build/ithron/VolViz/include/VolViz/src/Volume.h...
Generating code for file /home/travis/build/ithron/VolViz/include/VolViz/VolViz.h...
Generating code for file /home/travis/build/ithron/VolViz/Source/AxisAlignedPlane.h...
Generating code for file /home/travis/build/ithron/VolViz/Source/Geometry.h...
Generating code for file /home/travis/build/ithron/VolViz/Source/GL/Geometry.h...
Generating code for file /home/travis/build/ithron/VolViz/Source/GeometryFactory.h...
Generating code for file /home/travis/build/ithron/VolViz/Source/GL/Binding.h...
Generating code for file /home/travis/build/ithron/VolViz/Source/GL/Buffer.h...
Generating code for file /home/travis/build/ithron/VolViz/Source/GL/Error.h...
Generating code for file /home/travis/build/ithron/VolViz/Source/GL/Framebuffer.h...
Generating code for file /home/travis/build/ithron/VolViz/Source/GL/GL.h...
Generating code for file /home/travis/build/ithron/VolViz/Source/GL/GLdefs.h...
Generating code for file /home/travis/build/ithron/VolViz/Source/GL/GLFW.h...
Generating code for file /home/travis/build/ithron/VolViz/Source/GL/ShaderProgram.h...
Generating code for file /home/travis/build/ithron/VolViz/Source/GL/Shaders.h...
Generating code for file /home/travis/build/ithron/VolViz/Source/Shaders.h...
Generating code for file /home/travis/build/ithron/VolViz/Source/GL/Textures.h...
Generating code for file /home/travis/build/ithron/VolViz/Source/GL/VertexArray.h...
Generating code for file /home/travis/build/ithron/VolViz/Source/Mesh.h...
Generating code for file /home/travis/build/ithron/VolViz/Source/VisualizerImpl.h...
Generating file documentation...
Generating docs for file /home/travis/build/ithron/VolViz/include/VolViz/src/AtomicCache.h...
Generating docs for file /home/travis/build/ithron/VolViz/include/VolViz/src/AtomicWrapper.h...
Generating docs for file /home/travis/build/ithron/VolViz/include/VolViz/src/Camera.h...
Generating docs for file /home/travis/build/ithron/VolViz/include/VolViz/src/GeometryDescriptor.h...
Generating docs for file /home/travis/build/ithron/VolViz/include/VolViz/src/Light.h...
Generating docs for file /home/travis/build/ithron/VolViz/include/VolViz/src/Types.h...
Generating docs for file /home/travis/build/ithron/VolViz/include/VolViz/src/Visualizer.h...
Generating docs for file /home/travis/build/ithron/VolViz/include/VolViz/src/Volume.h...
Generating docs for file /home/travis/build/ithron/VolViz/include/VolViz/VolViz.h...
Generating docs for file /home/travis/build/ithron/VolViz/README.md...
Generating docs for file /home/travis/build/ithron/VolViz/Source/AxisAlignedPlane.cpp...
Generating docs for file /home/travis/build/ithron/VolViz/Source/AxisAlignedPlane.h...
Generating docs for file /home/travis/build/ithron/VolViz/Source/Camera.cpp...
Generating docs for file /home/travis/build/ithron/VolViz/Source/Geometry.cpp...
Generating docs for file /home/travis/build/ithron/VolViz/Source/Geometry.h...
Generating docs for file /home/travis/build/ithron/VolViz/Source/GL/Geometry.h...
Generating docs for file /home/travis/build/ithron/VolViz/Source/GeometryDescriptor.cpp...
Generating docs for file /home/travis/build/ithron/VolViz/Source/GeometryFactory.cpp...
Generating docs for file /home/travis/build/ithron/VolViz/Source/GeometryFactory.h...
Generating docs for file /home/travis/build/ithron/VolViz/Source/GL/Binding.h...
Generating docs for file /home/travis/build/ithron/VolViz/Source/GL/Buffer.h...
Generating docs for file /home/travis/build/ithron/VolViz/Source/GL/Error.h...
Generating docs for file /home/travis/build/ithron/VolViz/Source/GL/Framebuffer.h...
Generating docs for file /home/travis/build/ithron/VolViz/Source/GL/GL.h...
Generating docs for file /home/travis/build/ithron/VolViz/Source/GL/GLdefs.h...
Generating docs for file /home/travis/build/ithron/VolViz/Source/GL/GLFW.cpp...
Generating docs for file /home/travis/build/ithron/VolViz/Source/GL/GLFW.h...
Generating docs for file /home/travis/build/ithron/VolViz/Source/GL/ShaderProgram.cpp...
Generating docs for file /home/travis/build/ithron/VolViz/Source/GL/ShaderProgram.h...
Generating docs for file /home/travis/build/ithron/VolViz/Source/GL/Shaders.cpp...
Generating docs for file /home/travis/build/ithron/VolViz/Source/Shaders.cpp...
Generating docs for file /home/travis/build/ithron/VolViz/Source/GL/Shaders.h...
Generating docs for file /home/travis/build/ithron/VolViz/Source/Shaders.h...
Generating docs for file /home/travis/build/ithron/VolViz/Source/GL/Textures.h...
Generating docs for file /home/travis/build/ithron/VolViz/Source/GL/VertexArray.h...
Generating docs for file /home/travis/build/ithron/VolViz/Source/GL/Workarounds.cpp...
Generating docs for file /home/travis/build/ithron/VolViz/Source/Mesh.cpp...
Generating docs for file /home/travis/build/ithron/VolViz/Source/Mesh.h...
Generating docs for file /home/travis/build/ithron/VolViz/Source/Visualizer.cpp...
Generating docs for file /home/travis/build/ithron/VolViz/Source/VisualizerImpl.cpp...
Generating docs for file /home/travis/build/ithron/VolViz/Source/VisualizerImpl.h...
Generating page documentation...
Generating group documentation...
Generating dependency graph for group privateMembers
Generating dependency graph for group geomGroup
Generating dependency graph for group cameraRelated
Generating class documentation...
Generating namespace index...
Generating docs for namespace VolViz
Generating docs for compound VolViz::AtomicCache...
Generating docs for compound VolViz::DefaultSetPolicy...
Generating docs for compound VolViz::SetAndNotifyPolicy...
Generating docs for compound VolViz::AtomicWrapper...
Generating docs for compound VolViz::Camera...
Generating docs for compound VolViz::GeometryDescriptor...
Generating docs for compound VolViz::AxisAlignedPlaneDescriptor...
Generating docs for compound VolViz::MeshDescriptor...
Generating docs for compound VolViz::Light...
Generating docs for compound VolViz::DepthRange...
Generating docs for compound VolViz::Visualizer...
Generating docs for compound VolViz::VolumeDescriptor...
Generating docs for namespace VolViz::Colors
Generating docs for namespace VolViz::Private_
Generating docs for compound VolViz::Private_::AxisAlignedPlane...
Generating docs for compound VolViz::Private_::Geometry...
Generating docs for compound VolViz::Private_::GeometryFactory...
Generating docs for compound VolViz::Private_::Mesh...
Generating docs for compound VolViz::Private_::Shaders...
Generating docs for compound VolViz::Private_::VisualizerImpl...
Generating docs for nested compound VolViz::Private_::VisualizerImpl::DepthRange...
Generating docs for nested compound VolViz::Private_::VisualizerImpl::SelectionBuffer...
Generating docs for nested compound VolViz::Private_::VisualizerImpl::SingleVertData...
Generating docs for nested compound VolViz::Private_::VisualizerImpl::TextureWrapper...
Generating docs for compound VolViz::Private_::CameraClient...
Generating docs for namespace VolViz::Private_::GL
Generating docs for compound VolViz::Private_::GL::Binding...
Generating docs for compound VolViz::Private_::GL::Binding2...
Generating docs for compound VolViz::Private_::GL::Buffer...
Generating docs for compound VolViz::Private_::GL::Framebuffer...
Generating docs for compound VolViz::Private_::GL::Geometry...
Generating docs for compound VolViz::Private_::GL::GLFW...
Generating docs for compound VolViz::Private_::GL::Shader...
Generating docs for compound VolViz::Private_::GL::UniformProxy...
Generating docs for compound VolViz::Private_::GL::ShaderProgram...
Generating docs for compound VolViz::Private_::GL::Textures...
Generating docs for compound VolViz::Private_::GL::VertexArray...
Generating docs for namespace VolViz::Private_::GL::Shaders
Generating graph info page...
Generating directory documentation...
Generating dependency graph for directory /home/travis/build/ithron/VolViz/Source/GL
Generating dependency graph for directory /home/travis/build/ithron/VolViz/include
Generating dependency graph for directory /home/travis/build/ithron/VolViz/Source
Generating dependency graph for directory /home/travis/build/ithron/VolViz/include/VolViz/src
Generating dependency graph for directory /home/travis/build/ithron/VolViz/include/VolViz
Generating index page...
Generating page index...
Generating module index...
Generating namespace index...
Generating namespace member index...
Generating annotated compound index...
Generating alphabetical compound index...
Generating hierarchical class index...
Generating graphical class hierarchy...
Generating member index...
Generating file index...
Generating file member index...
Generating example index...
finalizing index lists...
Running dot...
Generating dot graphs using 3 parallel threads...
Running dot for graph 1/157
Running dot for graph 2/157
Running dot for graph 3/157
Running dot for graph 4/157
Running dot for graph 5/157
Running dot for graph 6/157
Running dot for graph 7/157
Running dot for graph 8/157
Running dot for graph 9/157
Running dot for graph 10/157
Running dot for graph 11/157
Running dot for graph 12/157
Running dot for graph 13/157
Running dot for graph 14/157
Running dot for graph 15/157
Running dot for graph 16/157
Running dot for graph 17/157
Running dot for graph 18/157
Running dot for graph 19/157
Running dot for graph 20/157
Running dot for graph 21/157
Running dot for graph 22/157
Running dot for graph 23/157
Running dot for graph 24/157
Running dot for graph 25/157
Running dot for graph 26/157
Running dot for graph 27/157
Running dot for graph 28/157
Running dot for graph 29/157
Running dot for graph 30/157
Running dot for graph 31/157
Running dot for graph 32/157
Running dot for graph 33/157
Running dot for graph 34/157
Running dot for graph 35/157
Running dot for graph 36/157
Running dot for graph 37/157
Running dot for graph 38/157
Running dot for graph 39/157
Running dot for graph 40/157
Running dot for graph 41/157
Running dot for graph 42/157
Running dot for graph 43/157
Running dot for graph 44/157
Running dot for graph 45/157
Running dot for graph 46/157
Running dot for graph 47/157
Running dot for graph 48/157
Running dot for graph 49/157
Running dot for graph 50/157
Running dot for graph 51/157
Running dot for graph 52/157
Running dot for graph 53/157
Running dot for graph 54/157
Running dot for graph 55/157
Running dot for graph 56/157
Running dot for graph 57/157
Running dot for graph 58/157
Running dot for graph 59/157
Running dot for graph 60/157
Running dot for graph 61/157
Running dot for graph 62/157
Running dot for graph 63/157
Running dot for graph 64/157
Running dot for graph 65/157
Running dot for graph 66/157
Running dot for graph 67/157
Running dot for graph 68/157
Running dot for graph 69/157
Running dot for graph 70/157
Running dot for graph 71/157
Running dot for graph 72/157
Running dot for graph 73/157
Running dot for graph 74/157
Running dot for graph 75/157
Running dot for graph 76/157
Running dot for graph 77/157
Running dot for graph 78/157
Running dot for graph 79/157
Running dot for graph 80/157
Running dot for graph 81/157
Running dot for graph 82/157
Running dot for graph 83/157
Running dot for graph 84/157
Running dot for graph 85/157
Running dot for graph 86/157
Running dot for graph 87/157
Running dot for graph 88/157
Running dot for graph 89/157
Running dot for graph 90/157
Running dot for graph 91/157
Running dot for graph 92/157
Running dot for graph 93/157
Running dot for graph 94/157
Running dot for graph 95/157
Running dot for graph 96/157
Running dot for graph 97/157
Running dot for graph 98/157
Running dot for graph 99/157
Running dot for graph 100/157
Running dot for graph 101/157
Running dot for graph 102/157
Running dot for graph 103/157
Running dot for graph 104/157
Running dot for graph 105/157
Running dot for graph 106/157
Running dot for graph 107/157
Running dot for graph 108/157
Running dot for graph 109/157
Running dot for graph 110/157
Running dot for graph 111/157
Running dot for graph 112/157
Running dot for graph 113/157
Running dot for graph 114/157
Running dot for graph 115/157
Running dot for graph 116/157
Running dot for graph 117/157
Running dot for graph 118/157
Running dot for graph 119/157
Running dot for graph 120/157
Running dot for graph 121/157
Running dot for graph 122/157
Running dot for graph 123/157
Running dot for graph 124/157
Running dot for graph 125/157
Running dot for graph 126/157
Running dot for graph 127/157
Running dot for graph 128/157
Running dot for graph 129/157
Running dot for graph 130/157
Running dot for graph 131/157
Running dot for graph 132/157
Running dot for graph 133/157
Running dot for graph 134/157
Running dot for graph 135/157
Running dot for graph 136/157
Running dot for graph 137/157
Running dot for graph 138/157
Running dot for graph 139/157
Running dot for graph 140/157
Running dot for graph 141/157
Running dot for graph 142/157
Running dot for graph 143/157
Running dot for graph 144/157
Running dot for graph 145/157
Running dot for graph 146/157
Running dot for graph 147/157
Running dot for graph 148/157
Running dot for graph 149/157
Running dot for graph 150/157
Running dot for graph 151/157
Running dot for graph 152/157
Running dot for graph 153/157
Running dot for graph 154/157
Running dot for graph 155/157
Running dot for graph 156/157
Running dot for graph 157/157
Patching output file 1/83
Patching output file 2/83
Patching output file 3/83
Patching output file 4/83
Patching output file 5/83
Patching output file 6/83
Patching output file 7/83
Patching output file 8/83
Patching output file 9/83
Patching output file 10/83
Patching output file 11/83
Patching output file 12/83
Patching output file 13/83
Patching output file 14/83
Patching output file 15/83
Patching output file 16/83
Patching output file 17/83
Patching output file 18/83
Patching output file 19/83
Patching output file 20/83
Patching output file 21/83
Patching output file 22/83
Patching output file 23/83
Patching output file 24/83
Patching output file 25/83
Patching output file 26/83
Patching output file 27/83
Patching output file 28/83
Patching output file 29/83
Patching output file 30/83
Patching output file 31/83
Patching output file 32/83
Patching output file 33/83
Patching output file 34/83
Patching output file 35/83
Patching output file 36/83
Patching output file 37/83
Patching output file 38/83
Patching output file 39/83
Patching output file 40/83
Patching output file 41/83
Patching output file 42/83
Patching output file 43/83
Patching output file 44/83
Patching output file 45/83
Patching output file 46/83
Patching output file 47/83
Patching output file 48/83
Patching output file 49/83
Patching output file 50/83
Patching output file 51/83
Patching output file 52/83
Patching output file 53/83
Patching output file 54/83
Patching output file 55/83
Patching output file 56/83
Patching output file 57/83
Patching output file 58/83
Patching output file 59/83
Patching output file 60/83
Patching output file 61/83
Patching output file 62/83
Patching output file 63/83
Patching output file 64/83
Patching output file 65/83
Patching output file 66/83
Patching output file 67/83
Patching output file 68/83
Patching output file 69/83
Patching output file 70/83
Patching output file 71/83
Patching output file 72/83
Patching output file 73/83
Patching output file 74/83
Patching output file 75/83
Patching output file 76/83
Patching output file 77/83
Patching output file 78/83
Patching output file 79/83
Patching output file 80/83
Patching output file 81/83
Patching output file 82/83
Patching output file 83/83
lookup cache used 1407/65536 hits=5760 misses=1637
finished...
